export function test1(): string  {
  return 'Test this';
}

export const test2 = () => console.log('Test this')

export const test3 = () => 'Test this';


export function test4<Type>(arg: Array<Type>): Type[]  {
  return arg;
}

interface TestInterface {
  test1(): string | undefined;
}

class BaseTestClass {
  test2(param: boolean): number | string {
    return param ? 0 : '0';
  };
}

export class TestClass extends BaseTestClass implements TestInterface {
  test1() : string | undefined {
    return undefined;
  }

  test2() : string | number {
    return 0;
  }
}
